Mono path[0] = 'C:/Users/jarne/Documents/UnityProjects/Research-Project/Builds/Aircraft Physics_Data/Managed'
Mono config path = 'C:/Users/jarne/Documents/UnityProjects/Research-Project/Builds/MonoBleedingEdge/etc'
Initialize engine version: 2021.3.8f1 (b30333d56e81)
[Subsystems] Discovering subsystems at path C:/Users/jarne/Documents/UnityProjects/Research-Project/Builds/Aircraft Physics_Data/UnitySubsystems
Forcing GfxDevice: Null
GfxDevice: creating device client; threaded=0; jobified=0
NullGfxDevice:
    Version:  NULL 1.0 [1.0]
    Renderer: Null Device
    Vendor:   Unity Technologies
Begin MonoManager ReloadAssembly
- Completed reload, in  4.721 seconds
ERROR: Shader Sprites/Default shader is not supported on this GPU (none of subshaders/fallbacks are suitable)
Microsoft Media Foundation video decoding to texture disabled: graphics device is Null, only Direct3D 11 and Direct3D 12 (only on desktop) are supported for hardware-accelerated video decoding.
ERROR: Shader Sprites/Mask shader is not supported on this GPU (none of subshaders/fallbacks are suitable)
The referenced script (Target) on this Behaviour is missing!
The referenced script (AeroSurfaceConfig) on this Behaviour is missing!
The referenced script on this Behaviour (Game Object '<null>') is missing!
A scripted object (probably AeroSurfaceConfig?) has a different serialization layout when loading. (Read 36 bytes but expected 68 bytes)
Did you #ifdef UNITY_EDITOR a section of your serialized properties in any of your scripts?
The referenced script (AeroSurfaceConfig) on this Behaviour is missing!
The referenced script on this Behaviour (Game Object '<null>') is missing!
A scripted object (probably AeroSurfaceConfig?) has a different serialization layout when loading. (Read 36 bytes but expected 68 bytes)
Did you #ifdef UNITY_EDITOR a section of your serialized properties in any of your scripts?
The referenced script (AeroSurfaceConfig) on this Behaviour is missing!
The referenced script on this Behaviour (Game Object '<null>') is missing!
A scripted object (probably AeroSurfaceConfig?) has a different serialization layout when loading. (Read 44 bytes but expected 76 bytes)
Did you #ifdef UNITY_EDITOR a section of your serialized properties in any of your scripts?
The referenced script (AeroSurfaceConfig) on this Behaviour is missing!
The referenced script on this Behaviour (Game Object '<null>') is missing!
A scripted object (probably AeroSurfaceConfig?) has a different serialization layout when loading. (Read 44 bytes but expected 76 bytes)
Did you #ifdef UNITY_EDITOR a section of your serialized properties in any of your scripts?
The referenced script (AeroSurfaceConfig) on this Behaviour is missing!
The referenced script on this Behaviour (Game Object '<null>') is missing!
A scripted object (probably AeroSurfaceConfig?) has a different serialization layout when loading. (Read 36 bytes but expected 68 bytes)
Did you #ifdef UNITY_EDITOR a section of your serialized properties in any of your scripts?
The referenced script on this Behaviour (Game Object 'Target') is missing!
A scripted object (probably Target?) has a different serialization layout when loading. (Read 32 bytes but expected 44 bytes)
Did you #ifdef UNITY_EDITOR a section of your serialized properties in any of your scripts?
The referenced script (AeroSurface) on this Behaviour is missing!
The referenced script (AeroSurface) on this Behaviour is missing!
The referenced script (Target) on this Behaviour is missing!
The referenced script (AeroSurface) on this Behaviour is missing!
The referenced script (Rotator) on this Behaviour is missing!
The referenced script (AeroSurface) on this Behaviour is missing!
The referenced script (AeroSurface) on this Behaviour is missing!
The referenced script (AeroSurface) on this Behaviour is missing!
The referenced script (AeroSurface) on this Behaviour is missing!
The referenced script (AeroSurface) on this Behaviour is missing!
The referenced script (AeroSurface) on this Behaviour is missing!
The referenced script (AircraftPhysics) on this Behaviour is missing!
The referenced script (AirplaneController) on this Behaviour is missing!
The referenced script (Rotator) on this Behaviour is missing!
The referenced script (AeroSurface) on this Behaviour is missing!
The referenced script (AeroSurface) on this Behaviour is missing!
The referenced script (AeroSurface) on this Behaviour is missing!
The referenced script (AeroSurface) on this Behaviour is missing!
The referenced script (AeroSurface) on this Behaviour is missing!
The referenced script (AeroSurface) on this Behaviour is missing!
The referenced script (AeroSurface) on this Behaviour is missing!
The referenced script (AeroSurface) on this Behaviour is missing!
The referenced script (AeroSurface) on this Behaviour is missing!
The referenced script (AeroSurface) on this Behaviour is missing!
The referenced script (AeroSurface) on this Behaviour is missing!
The referenced script (AeroSurface) on this Behaviour is missing!
The referenced script (AeroSurface) on this Behaviour is missing!
The referenced script (AeroSurface) on this Behaviour is missing!
The referenced script (Rotator) on this Behaviour is missing!
The referenced script (AeroSurface) on this Behaviour is missing!
The referenced script (AeroSurface) on this Behaviour is missing!
The referenced script (AeroSurface) on this Behaviour is missing!
The referenced script (Rotator) on this Behaviour is missing!
The referenced script (AircraftPhysics) on this Behaviour is missing!
The referenced script (AirplaneController) on this Behaviour is missing!
The referenced script (AircraftPhysics) on this Behaviour is missing!
The referenced script (AirplaneController) on this Behaviour is missing!
The referenced script (AeroSurface) on this Behaviour is missing!
The referenced script (AeroSurface) on this Behaviour is missing!
The referenced script (AeroSurface) on this Behaviour is missing!
The referenced script (AeroSurface) on this Behaviour is missing!
The referenced script (AeroSurface) on this Behaviour is missing!
The referenced script (AeroSurface) on this Behaviour is missing!
The referenced script (AeroSurface) on this Behaviour is missing!
The referenced script (AircraftPhysics) on this Behaviour is missing!
The referenced script (AirplaneController) on this Behaviour is missing!
The referenced script (AeroSurface) on this Behaviour is missing!
The referenced script (AeroSurface) on this Behaviour is missing!
The referenced script (AeroSurface) on this Behaviour is missing!
The referenced script (AeroSurface) on this Behaviour is missing!
The referenced script (AeroSurface) on this Behaviour is missing!
The referenced script (AeroSurface) on this Behaviour is missing!
The referenced script (AeroSurface) on this Behaviour is missing!
The referenced script (AeroSurface) on this Behaviour is missing!
The referenced script (AeroSurface) on this Behaviour is missing!
The referenced script (Rotator) on this Behaviour is missing!
The referenced script (Rotator) on this Behaviour is missing!
The referenced script (AeroSurface) on this Behaviour is missing!
The referenced script (AeroSurface) on this Behaviour is missing!
The referenced script (AeroSurface) on this Behaviour is missing!
The referenced script (AeroSurface) on this Behaviour is missing!
The referenced script (AeroSurface) on this Behaviour is missing!
The referenced script (AeroSurface) on this Behaviour is missing!
The referenced script (AeroSurface) on this Behaviour is missing!
The referenced script (AeroSurface) on this Behaviour is missing!
The referenced script (AircraftPhysics) on this Behaviour is missing!
The referenced script (AirplaneController) on this Behaviour is missing!
The referenced script (AeroSurface) on this Behaviour is missing!
The referenced script (AeroSurface) on this Behaviour is missing!
The referenced script (AircraftPhysics) on this Behaviour is missing!
The referenced script (AirplaneController) on this Behaviour is missing!
The referenced script (AeroSurface) on this Behaviour is missing!
The referenced script (AeroSurface) on this Behaviour is missing!
The referenced script (AeroSurface) on this Behaviour is missing!
The referenced script (AeroSurface) on this Behaviour is missing!
The referenced script (AeroSurface) on this Behaviour is missing!
The referenced script (AeroSurface) on this Behaviour is missing!
The referenced script (AeroSurface) on this Behaviour is missing!
The referenced script (Rotator) on this Behaviour is missing!
The referenced script (Rotator) on this Behaviour is missing!
The referenced script (AeroSurface) on this Behaviour is missing!
The referenced script (AeroSurface) on this Behaviour is missing!
The referenced script (AeroSurface) on this Behaviour is missing!
The referenced script (AeroSurface) on this Behaviour is missing!
The referenced script (AeroSurface) on this Behaviour is missing!
The referenced script (AeroSurface) on this Behaviour is missing!
The referenced script (AeroSurface) on this Behaviour is missing!
The referenced script (AeroSurface) on this Behaviour is missing!
The referenced script (AircraftPhysics) on this Behaviour is missing!
The referenced script (AirplaneController) on this Behaviour is missing!
The referenced script (AircraftPhysics) on this Behaviour is missing!
The referenced script (AirplaneController) on this Behaviour is missing!
The referenced script (AeroSurface) on this Behaviour is missing!
The referenced script (AeroSurface) on this Behaviour is missing!
The referenced script (AeroSurface) on this Behaviour is missing!
The referenced script (AircraftPhysics) on this Behaviour is missing!
The referenced script (AirplaneController) on this Behaviour is missing!
The referenced script (AeroSurface) on this Behaviour is missing!
The referenced script (AeroSurface) on this Behaviour is missing!
The referenced script (AeroSurface) on this Behaviour is missing!
The referenced script (AeroSurface) on this Behaviour is missing!
The referenced script (AeroSurface) on this Behaviour is missing!
The referenced script (AeroSurface) on this Behaviour is missing!
The referenced script (AeroSurface) on this Behaviour is missing!
The referenced script (AeroSurface) on this Behaviour is missing!
The referenced script (AeroSurface) on this Behaviour is missing!
The referenced script (AeroSurface) on this Behaviour is missing!
The referenced script (AeroSurface) on this Behaviour is missing!
The referenced script (AeroSurface) on this Behaviour is missing!
The referenced script (Rotator) on this Behaviour is missing!
The referenced script (AeroSurface) on this Behaviour is missing!
The referenced script (AeroSurface) on this Behaviour is missing!
The referenced script (AeroSurface) on this Behaviour is missing!
The referenced script (AeroSurface) on this Behaviour is missing!
The referenced script (AeroSurface) on this Behaviour is missing!
The referenced script (AeroSurface) on this Behaviour is missing!
The referenced script (Rotator) on this Behaviour is missing!
The referenced script (AircraftPhysics) on this Behaviour is missing!
The referenced script (AirplaneController) on this Behaviour is missing!
The referenced script (AeroSurface) on this Behaviour is missing!
The referenced script (AeroSurface) on this Behaviour is missing!
The referenced script on this Behaviour (Game Object 'Body_1') is missing!
A scripted object (probably AeroSurface?) has a different serialization layout when loading. (Read 32 bytes but expected 44 bytes)
Did you #ifdef UNITY_EDITOR a section of your serialized properties in any of your scripts?
The referenced script on this Behaviour (Game Object 'Body_2') is missing!
A scripted object (probably AeroSurface?) has a different serialization layout when loading. (Read 32 bytes but expected 44 bytes)
Did you #ifdef UNITY_EDITOR a section of your serialized properties in any of your scripts?
The referenced script on this Behaviour (Game Object 'TargetSpawner') is missing!
A scripted object (probably Target?) has a different serialization layout when loading. (Read 32 bytes but expected 44 bytes)
Did you #ifdef UNITY_EDITOR a section of your serialized properties in any of your scripts?
The referenced script on this Behaviour (Game Object 'Flap_L') is missing!
A scripted object (probably AeroSurface?) has a different serialization layout when loading. (Read 32 bytes but expected 44 bytes)
Did you #ifdef UNITY_EDITOR a section of your serialized properties in any of your scripts?
The referenced script on this Behaviour (Game Object 'Tail_H_L') is missing!
A scripted object (probably AeroSurface?) has a different serialization layout when loading. (Read 32 bytes but expected 44 bytes)
Did you #ifdef UNITY_EDITOR a section of your serialized properties in any of your scripts?
The referenced script on this Behaviour (Game Object 'Tail_H_R') is missing!
A scripted object (probably AeroSurface?) has a different serialization layout when loading. (Read 32 bytes but expected 44 bytes)
Did you #ifdef UNITY_EDITOR a section of your serialized properties in any of your scripts?
The referenced script on this Behaviour (Game Object 'Aileron_L') is missing!
A scripted object (probably AeroSurface?) has a different serialization layout when loading. (Read 32 bytes but expected 44 bytes)
Did you #ifdef UNITY_EDITOR a section of your serialized properties in any of your scripts?
The referenced script on this Behaviour (Game Object 'Flap_R') is missing!
A scripted object (probably AeroSurface?) has a different serialization layout when loading. (Read 32 bytes but expected 44 bytes)
Did you #ifdef UNITY_EDITOR a section of your serialized properties in any of your scripts?
The referenced script on this Behaviour (Game Object 'proppeler') is missing!
A scripted object (probably Rotator?) has a different serialization layout when loading. (Read 32 bytes but expected 36 bytes)
Did you #ifdef UNITY_EDITOR a section of your serialized properties in any of your scripts?
The referenced script on this Behaviour (Game Object 'Aileron_R') is missing!
A scripted object (probably AeroSurface?) has a different serialization layout when loading. (Read 32 bytes but expected 44 bytes)
Did you #ifdef UNITY_EDITOR a section of your serialized properties in any of your scripts?
The referenced script on this Behaviour (Game Object 'Tail_V') is missing!
A scripted object (probably AeroSurface?) has a different serialization layout when loading. (Read 32 bytes but expected 44 bytes)
Did you #ifdef UNITY_EDITOR a section of your serialized properties in any of your scripts?
The referenced script on this Behaviour (Game Object 'Aircraft') is missing!
A scripted object (probably AircraftPhysics?) has a different serialization layout when loading. (Read 32 bytes but expected 300 bytes)
Did you #ifdef UNITY_EDITOR a section of your serialized properties in any of your scripts?
The referenced script on this Behaviour (Game Object 'Aircraft') is missing!
A scripted object (probably AirplaneController?) has a different serialization layout when loading. (Read 32 bytes but expected 80 bytes)
Did you #ifdef UNITY_EDITOR a section of your serialized properties in any of your scripts?
The referenced script on this Behaviour (Game Object 'Aileron_L') is missing!
A scripted object (probably AeroSurface?) has a different serialization layout when loading. (Read 32 bytes but expected 44 bytes)
Did you #ifdef UNITY_EDITOR a section of your serialized properties in any of your scripts?
The referenced script on this Behaviour (Game Object 'Tail_H_L') is missing!
A scripted object (probably AeroSurface?) has a different serialization layout when loading. (Read 32 bytes but expected 44 bytes)
Did you #ifdef UNITY_EDITOR a section of your serialized properties in any of your scripts?
The referenced script on this Behaviour (Game Object 'proppeler') is missing!
A scripted object (probably Rotator?) has a different serialization layout when loading. (Read 32 bytes but expected 36 bytes)
Did you #ifdef UNITY_EDITOR a section of your serialized properties in any of your scripts?
The referenced script on this Behaviour (Game Object 'Body_1') is missing!
A scripted object (probably AeroSurface?) has a different serialization layout when loading. (Read 32 bytes but expected 44 bytes)
Did you #ifdef UNITY_EDITOR a section of your serialized properties in any of your scripts?
The referenced script on this Behaviour (Game Object 'Aileron_R') is missing!
A scripted object (probably AeroSurface?) has a different serialization layout when loading. (Read 32 bytes but expected 44 bytes)
Did you #ifdef UNITY_EDITOR a section of your serialized properties in any of your scripts?
The referenced script on this Behaviour (Game Object 'Flap_L') is missing!
A scripted object (probably AeroSurface?) has a different serialization layout when loading. (Read 32 bytes but expected 44 bytes)
Did you #ifdef UNITY_EDITOR a section of your serialized properties in any of your scripts?
The referenced script on this Behaviour (Game Object 'Tail_H_R') is missing!
A scripted object (probably AeroSurface?) has a different serialization layout when loading. (Read 32 bytes but expected 44 bytes)
Did you #ifdef UNITY_EDITOR a section of your serialized properties in any of your scripts?
The referenced script on this Behaviour (Game Object 'Flap_R') is missing!
A scripted object (probably AeroSurface?) has a different serialization layout when loading. (Read 32 bytes but expected 44 bytes)
Did you #ifdef UNITY_EDITOR a section of your serialized properties in any of your scripts?
The referenced script on this Behaviour (Game Object 'Tail_V') is missing!
A scripted object (probably AeroSurface?) has a different serialization layout when loading. (Read 32 bytes but expected 44 bytes)
Did you #ifdef UNITY_EDITOR a section of your serialized properties in any of your scripts?
The referenced script on this Behaviour (Game Object 'Flap_L') is missing!
A scripted object (probably AeroSurface?) has a different serialization layout when loading. (Read 32 bytes but expected 44 bytes)
Did you #ifdef UNITY_EDITOR a section of your serialized properties in any of your scripts?
The referenced script on this Behaviour (Game Object 'Body_2') is missing!
A scripted object (probably AeroSurface?) has a different serialization layout when loading. (Read 32 bytes but expected 44 bytes)
Did you #ifdef UNITY_EDITOR a section of your serialized properties in any of your scripts?
The referenced script on this Behaviour (Game Object 'Tail_V') is missing!
A scripted object (probably AeroSurface?) has a different serialization layout when loading. (Read 32 bytes but expected 44 bytes)
Did you #ifdef UNITY_EDITOR a section of your serialized properties in any of your scripts?
The referenced script on this Behaviour (Game Object 'Tail_H_L') is missing!
A scripted object (probably AeroSurface?) has a different serialization layout when loading. (Read 32 bytes but expected 44 bytes)
Did you #ifdef UNITY_EDITOR a section of your serialized properties in any of your scripts?
The referenced script on this Behaviour (Game Object 'Aileron_R') is missing!
A scripted object (probably AeroSurface?) has a different serialization layout when loading. (Read 32 bytes but expected 44 bytes)
Did you #ifdef UNITY_EDITOR a section of your serialized properties in any of your scripts?
The referenced script on this Behaviour (Game Object 'proppeler') is missing!
A scripted object (probably Rotator?) has a different serialization layout when loading. (Read 32 bytes but expected 36 bytes)
Did you #ifdef UNITY_EDITOR a section of your serialized properties in any of your scripts?
The referenced script on this Behaviour (Game Object 'Body_2') is missing!
A scripted object (probably AeroSurface?) has a different serialization layout when loading. (Read 32 bytes but expected 44 bytes)
Did you #ifdef UNITY_EDITOR a section of your serialized properties in any of your scripts?
The referenced script on this Behaviour (Game Object 'Tail_H_L') is missing!
A scripted object (probably AeroSurface?) has a different serialization layout when loading. (Read 32 bytes but expected 44 bytes)
Did you #ifdef UNITY_EDITOR a section of your serialized properties in any of your scripts?
The referenced script on this Behaviour (Game Object 'Flap_R') is missing!
A scripted object (probably AeroSurface?) has a different serialization layout when loading. (Read 32 bytes but expected 44 bytes)
Did you #ifdef UNITY_EDITOR a section of your serialized properties in any of your scripts?
The referenced script on this Behaviour (Game Object 'Body_1') is missing!
A scripted object (probably AeroSurface?) has a different serialization layout when loading. (Read 32 bytes but expected 44 bytes)
Did you #ifdef UNITY_EDITOR a section of your serialized properties in any of your scripts?
The referenced script on this Behaviour (Game Object 'Aircraft (5)') is missing!
A scripted object (probably AircraftPhysics?) has a different serialization layout when loading. (Read 32 bytes but expected 300 bytes)
Did you #ifdef UNITY_EDITOR a section of your serialized properties in any of your scripts?
The referenced script on this Behaviour (Game Object 'Aircraft (5)') is missing!
A scripted object (probably AirplaneController?) has a different serialization layout when loading. (Read 32 bytes but expected 80 bytes)
Did you #ifdef UNITY_EDITOR a section of your serialized properties in any of your scripts?
The referenced script on this Behaviour (Game Object 'Aircraft (4)') is missing!
A scripted object (probably AircraftPhysics?) has a different serialization layout when loading. (Read 32 bytes but expected 300 bytes)
Did you #ifdef UNITY_EDITOR a section of your serialized properties in any of your scripts?
The referenced script on this Behaviour (Game Object 'Aircraft (4)') is missing!
A scripted object (probably AirplaneController?) has a different serialization layout when loading. (Read 32 bytes but expected 80 bytes)
Did you #ifdef UNITY_EDITOR a section of your serialized properties in any of your scripts?
The referenced script on this Behaviour (Game Object 'Tail_H_R') is missing!
A scripted object (probably AeroSurface?) has a different serialization layout when loading. (Read 32 bytes but expected 44 bytes)
Did you #ifdef UNITY_EDITOR a section of your serialized properties in any of your scripts?
The referenced script on this Behaviour (Game Object 'Aileron_L') is missing!
A scripted object (probably AeroSurface?) has a different serialization layout when loading. (Read 32 bytes but expected 44 bytes)
Did you #ifdef UNITY_EDITOR a section of your serialized properties in any of your scripts?
The referenced script on this Behaviour (Game Object 'Tail_H_R') is missing!
A scripted object (probably AeroSurface?) has a different serialization layout when loading. (Read 32 bytes but expected 44 bytes)
Did you #ifdef UNITY_EDITOR a section of your serialized properties in any of your scripts?
The referenced script on this Behaviour (Game Object 'Flap_L') is missing!
A scripted object (probably AeroSurface?) has a different serialization layout when loading. (Read 32 bytes but expected 44 bytes)
Did you #ifdef UNITY_EDITOR a section of your serialized properties in any of your scripts?
The referenced script on this Behaviour (Game Object 'Aileron_L') is missing!
A scripted object (probably AeroSurface?) has a different serialization layout when loading. (Read 32 bytes but expected 44 bytes)
Did you #ifdef UNITY_EDITOR a section of your serialized properties in any of your scripts?
The referenced script on this Behaviour (Game Object 'Aileron_L') is missing!
A scripted object (probably AeroSurface?) has a different serialization layout when loading. (Read 32 bytes but expected 44 bytes)
Did you #ifdef UNITY_EDITOR a section of your serialized properties in any of your scripts?
The referenced script on this Behaviour (Game Object 'Tail_H_R') is missing!
A scripted object (probably AeroSurface?) has a different serialization layout when loading. (Read 32 bytes but expected 44 bytes)
Did you #ifdef UNITY_EDITOR a section of your serialized properties in any of your scripts?
The referenced script on this Behaviour (Game Object 'Aircraft (8)') is missing!
A scripted object (probably AirplaneController?) has a different serialization layout when loading. (Read 32 bytes but expected 80 bytes)
Did you #ifdef UNITY_EDITOR a section of your serialized properties in any of your scripts?
The referenced script on this Behaviour (Game Object 'Aircraft (8)') is missing!
A scripted object (probably AircraftPhysics?) has a different serialization layout when loading. (Read 32 bytes but expected 300 bytes)
Did you #ifdef UNITY_EDITOR a section of your serialized properties in any of your scripts?
The referenced script on this Behaviour (Game Object 'Tail_H_L') is missing!
A scripted object (probably AeroSurface?) has a different serialization layout when loading. (Read 32 bytes but expected 44 bytes)
Did you #ifdef UNITY_EDITOR a section of your serialized properties in any of your scripts?
The referenced script on this Behaviour (Game Object 'Body_2') is missing!
A scripted object (probably AeroSurface?) has a different serialization layout when loading. (Read 32 bytes but expected 44 bytes)
Did you #ifdef UNITY_EDITOR a section of your serialized properties in any of your scripts?
The referenced script on this Behaviour (Game Object 'Body_1') is missing!
A scripted object (probably AeroSurface?) has a different serialization layout when loading. (Read 32 bytes but expected 44 bytes)
Did you #ifdef UNITY_EDITOR a section of your serialized properties in any of your scripts?
The referenced script on this Behaviour (Game Object 'Tail_V') is missing!
A scripted object (probably AeroSurface?) has a different serialization layout when loading. (Read 32 bytes but expected 44 bytes)
Did you #ifdef UNITY_EDITOR a section of your serialized properties in any of your scripts?
The referenced script on this Behaviour (Game Object 'Flap_R') is missing!
A scripted object (probably AeroSurface?) has a different serialization layout when loading. (Read 32 bytes but expected 44 bytes)
Did you #ifdef UNITY_EDITOR a section of your serialized properties in any of your scripts?
The referenced script on this Behaviour (Game Object 'Flap_R') is missing!
A scripted object (probably AeroSurface?) has a different serialization layout when loading. (Read 32 bytes but expected 44 bytes)
Did you #ifdef UNITY_EDITOR a section of your serialized properties in any of your scripts?
The referenced script on this Behaviour (Game Object 'Body_2') is missing!
A scripted object (probably AeroSurface?) has a different serialization layout when loading. (Read 32 bytes but expected 44 bytes)
Did you #ifdef UNITY_EDITOR a section of your serialized properties in any of your scripts?
The referenced script on this Behaviour (Game Object 'Flap_L') is missing!
A scripted object (probably AeroSurface?) has a different serialization layout when loading. (Read 32 bytes but expected 44 bytes)
Did you #ifdef UNITY_EDITOR a section of your serialized properties in any of your scripts?
The referenced script on this Behaviour (Game Object 'Body_1') is missing!
A scripted object (probably AeroSurface?) has a different serialization layout when loading. (Read 32 bytes but expected 44 bytes)
Did you #ifdef UNITY_EDITOR a section of your serialized properties in any of your scripts?
The referenced script on this Behaviour (Game Object 'Flap_L') is missing!
A scripted object (probably AeroSurface?) has a different serialization layout when loading. (Read 32 bytes but expected 44 bytes)
Did you #ifdef UNITY_EDITOR a section of your serialized properties in any of your scripts?
The referenced script on this Behaviour (Game Object 'Tail_V') is missing!
A scripted object (probably AeroSurface?) has a different serialization layout when loading. (Read 32 bytes but expected 44 bytes)
Did you #ifdef UNITY_EDITOR a section of your serialized properties in any of your scripts?
The referenced script on this Behaviour (Game Object 'Tail_H_L') is missing!
A scripted object (probably AeroSurface?) has a different serialization layout when loading. (Read 32 bytes but expected 44 bytes)
Did you #ifdef UNITY_EDITOR a section of your serialized properties in any of your scripts?
The referenced script on this Behaviour (Game Object 'proppeler') is missing!
A scripted object (probably Rotator?) has a different serialization layout when loading. (Read 32 bytes but expected 36 bytes)
Did you #ifdef UNITY_EDITOR a section of your serialized properties in any of your scripts?
The referenced script on this Behaviour (Game Object 'Aileron_R') is missing!
A scripted object (probably AeroSurface?) has a different serialization layout when loading. (Read 32 bytes but expected 44 bytes)
Did you #ifdef UNITY_EDITOR a section of your serialized properties in any of your scripts?
The referenced script on this Behaviour (Game Object 'Aileron_R') is missing!
A scripted object (probably AeroSurface?) has a different serialization layout when loading. (Read 32 bytes but expected 44 bytes)
Did you #ifdef UNITY_EDITOR a section of your serialized properties in any of your scripts?
The referenced script on this Behaviour (Game Object 'proppeler') is missing!
A scripted object (probably Rotator?) has a different serialization layout when loading. (Read 32 bytes but expected 36 bytes)
Did you #ifdef UNITY_EDITOR a section of your serialized properties in any of your scripts?
The referenced script on this Behaviour (Game Object 'Tail_H_R') is missing!
A scripted object (probably AeroSurface?) has a different serialization layout when loading. (Read 32 bytes but expected 44 bytes)
Did you #ifdef UNITY_EDITOR a section of your serialized properties in any of your scripts?
The referenced script on this Behaviour (Game Object 'Body_1') is missing!
A scripted object (probably AeroSurface?) has a different serialization layout when loading. (Read 32 bytes but expected 44 bytes)
Did you #ifdef UNITY_EDITOR a section of your serialized properties in any of your scripts?
The referenced script on this Behaviour (Game Object 'Body_2') is missing!
A scripted object (probably AeroSurface?) has a different serialization layout when loading. (Read 32 bytes but expected 44 bytes)
Did you #ifdef UNITY_EDITOR a section of your serialized properties in any of your scripts?
The referenced script on this Behaviour (Game Object 'Aircraft (6)') is missing!
A scripted object (probably AircraftPhysics?) has a different serialization layout when loading. (Read 32 bytes but expected 300 bytes)
Did you #ifdef UNITY_EDITOR a section of your serialized properties in any of your scripts?
The referenced script on this Behaviour (Game Object 'Aircraft (6)') is missing!
A scripted object (probably AirplaneController?) has a different serialization layout when loading. (Read 32 bytes but expected 80 bytes)
Did you #ifdef UNITY_EDITOR a section of your serialized properties in any of your scripts?
The referenced script on this Behaviour (Game Object 'Aileron_L') is missing!
A scripted object (probably AeroSurface?) has a different serialization layout when loading. (Read 32 bytes but expected 44 bytes)
Did you #ifdef UNITY_EDITOR a section of your serialized properties in any of your scripts?
The referenced script on this Behaviour (Game Object 'Tail_V') is missing!
A scripted object (probably AeroSurface?) has a different serialization layout when loading. (Read 32 bytes but expected 44 bytes)
Did you #ifdef UNITY_EDITOR a section of your serialized properties in any of your scripts?
The referenced script on this Behaviour (Game Object 'Aircraft (7)') is missing!
A scripted object (probably AirplaneController?) has a different serialization layout when loading. (Read 32 bytes but expected 80 bytes)
Did you #ifdef UNITY_EDITOR a section of your serialized properties in any of your scripts?
The referenced script on this Behaviour (Game Object 'Aircraft (7)') is missing!
A scripted object (probably AircraftPhysics?) has a different serialization layout when loading. (Read 32 bytes but expected 300 bytes)
Did you #ifdef UNITY_EDITOR a section of your serialized properties in any of your scripts?
The referenced script on this Behaviour (Game Object 'proppeler') is missing!
A scripted object (probably Rotator?) has a different serialization layout when loading. (Read 32 bytes but expected 36 bytes)
Did you #ifdef UNITY_EDITOR a section of your serialized properties in any of your scripts?
The referenced script on this Behaviour (Game Object 'Body_2') is missing!
A scripted object (probably AeroSurface?) has a different serialization layout when loading. (Read 32 bytes but expected 44 bytes)
Did you #ifdef UNITY_EDITOR a section of your serialized properties in any of your scripts?
The referenced script on this Behaviour (Game Object 'Aileron_R') is missing!
A scripted object (probably AeroSurface?) has a different serialization layout when loading. (Read 32 bytes but expected 44 bytes)
Did you #ifdef UNITY_EDITOR a section of your serialized properties in any of your scripts?
The referenced script on this Behaviour (Game Object 'Flap_R') is missing!
A scripted object (probably AeroSurface?) has a different serialization layout when loading. (Read 32 bytes but expected 44 bytes)
Did you #ifdef UNITY_EDITOR a section of your serialized properties in any of your scripts?
The referenced script on this Behaviour (Game Object 'Flap_L') is missing!
A scripted object (probably AeroSurface?) has a different serialization layout when loading. (Read 32 bytes but expected 44 bytes)
Did you #ifdef UNITY_EDITOR a section of your serialized properties in any of your scripts?
The referenced script on this Behaviour (Game Object 'Tail_V') is missing!
A scripted object (probably AeroSurface?) has a different serialization layout when loading. (Read 32 bytes but expected 44 bytes)
Did you #ifdef UNITY_EDITOR a section of your serialized properties in any of your scripts?
The referenced script on this Behaviour (Game Object 'Flap_L') is missing!
A scripted object (probably AeroSurface?) has a different serialization layout when loading. (Read 32 bytes but expected 44 bytes)
Did you #ifdef UNITY_EDITOR a section of your serialized properties in any of your scripts?
The referenced script on this Behaviour (Game Object 'Body_1') is missing!
A scripted object (probably AeroSurface?) has a different serialization layout when loading. (Read 32 bytes but expected 44 bytes)
Did you #ifdef UNITY_EDITOR a section of your serialized properties in any of your scripts?
The referenced script on this Behaviour (Game Object 'Body_2') is missing!
A scripted object (probably AeroSurface?) has a different serialization layout when loading. (Read 32 bytes but expected 44 bytes)
Did you #ifdef UNITY_EDITOR a section of your serialized properties in any of your scripts?
The referenced script on this Behaviour (Game Object 'Tail_H_L') is missing!
A scripted object (probably AeroSurface?) has a different serialization layout when loading. (Read 32 bytes but expected 44 bytes)
Did you #ifdef UNITY_EDITOR a section of your serialized properties in any of your scripts?
The referenced script on this Behaviour (Game Object 'Tail_H_L') is missing!
A scripted object (probably AeroSurface?) has a different serialization layout when loading. (Read 32 bytes but expected 44 bytes)
Did you #ifdef UNITY_EDITOR a section of your serialized properties in any of your scripts?
The referenced script on this Behaviour (Game Object 'Flap_R') is missing!
A scripted object (probably AeroSurface?) has a different serialization layout when loading. (Read 32 bytes but expected 44 bytes)
Did you #ifdef UNITY_EDITOR a section of your serialized properties in any of your scripts?
The referenced script on this Behaviour (Game Object 'Body_1') is missing!
A scripted object (probably AeroSurface?) has a different serialization layout when loading. (Read 32 bytes but expected 44 bytes)
Did you #ifdef UNITY_EDITOR a section of your serialized properties in any of your scripts?
The referenced script on this Behaviour (Game Object 'proppeler') is missing!
A scripted object (probably Rotator?) has a different serialization layout when loading. (Read 32 bytes but expected 36 bytes)
Did you #ifdef UNITY_EDITOR a section of your serialized properties in any of your scripts?
The referenced script on this Behaviour (Game Object 'Aileron_R') is missing!
A scripted object (probably AeroSurface?) has a different serialization layout when loading. (Read 32 bytes but expected 44 bytes)
Did you #ifdef UNITY_EDITOR a section of your serialized properties in any of your scripts?
The referenced script on this Behaviour (Game Object 'Tail_H_R') is missing!
A scripted object (probably AeroSurface?) has a different serialization layout when loading. (Read 32 bytes but expected 44 bytes)
Did you #ifdef UNITY_EDITOR a section of your serialized properties in any of your scripts?
The referenced script on this Behaviour (Game Object 'Tail_H_R') is missing!
A scripted object (probably AeroSurface?) has a different serialization layout when loading. (Read 32 bytes but expected 44 bytes)
Did you #ifdef UNITY_EDITOR a section of your serialized properties in any of your scripts?
The referenced script on this Behaviour (Game Object 'Aircraft (1)') is missing!
A scripted object (probably AircraftPhysics?) has a different serialization layout when loading. (Read 32 bytes but expected 300 bytes)
Did you #ifdef UNITY_EDITOR a section of your serialized properties in any of your scripts?
The referenced script on this Behaviour (Game Object 'Aircraft (1)') is missing!
A scripted object (probably AirplaneController?) has a different serialization layout when loading. (Read 32 bytes but expected 80 bytes)
Did you #ifdef UNITY_EDITOR a section of your serialized properties in any of your scripts?
The referenced script on this Behaviour (Game Object 'Aircraft (2)') is missing!
A scripted object (probably AircraftPhysics?) has a different serialization layout when loading. (Read 32 bytes but expected 300 bytes)
Did you #ifdef UNITY_EDITOR a section of your serialized properties in any of your scripts?
The referenced script on this Behaviour (Game Object 'Aircraft (2)') is missing!
A scripted object (probably AirplaneController?) has a different serialization layout when loading. (Read 32 bytes but expected 80 bytes)
Did you #ifdef UNITY_EDITOR a section of your serialized properties in any of your scripts?
The referenced script on this Behaviour (Game Object 'Aileron_L') is missing!
A scripted object (probably AeroSurface?) has a different serialization layout when loading. (Read 32 bytes but expected 44 bytes)
Did you #ifdef UNITY_EDITOR a section of your serialized properties in any of your scripts?
The referenced script on this Behaviour (Game Object 'Tail_V') is missing!
A scripted object (probably AeroSurface?) has a different serialization layout when loading. (Read 32 bytes but expected 44 bytes)
Did you #ifdef UNITY_EDITOR a section of your serialized properties in any of your scripts?
The referenced script on this Behaviour (Game Object 'Aileron_L') is missing!
A scripted object (probably AeroSurface?) has a different serialization layout when loading. (Read 32 bytes but expected 44 bytes)
Did you #ifdef UNITY_EDITOR a section of your serialized properties in any of your scripts?
The referenced script on this Behaviour (Game Object 'Aircraft (3)') is missing!
A scripted object (probably AirplaneController?) has a different serialization layout when loading. (Read 32 bytes but expected 80 bytes)
Did you #ifdef UNITY_EDITOR a section of your serialized properties in any of your scripts?
The referenced script on this Behaviour (Game Object 'Aircraft (3)') is missing!
A scripted object (probably AircraftPhysics?) has a different serialization layout when loading. (Read 32 bytes but expected 300 bytes)
Did you #ifdef UNITY_EDITOR a section of your serialized properties in any of your scripts?
The referenced script on this Behaviour (Game Object 'proppeler') is missing!
A scripted object (probably Rotator?) has a different serialization layout when loading. (Read 32 bytes but expected 36 bytes)
Did you #ifdef UNITY_EDITOR a section of your serialized properties in any of your scripts?
The referenced script on this Behaviour (Game Object 'Aileron_R') is missing!
A scripted object (probably AeroSurface?) has a different serialization layout when loading. (Read 32 bytes but expected 44 bytes)
Did you #ifdef UNITY_EDITOR a section of your serialized properties in any of your scripts?
The referenced script on this Behaviour (Game Object 'Aileron_L') is missing!
A scripted object (probably AeroSurface?) has a different serialization layout when loading. (Read 32 bytes but expected 44 bytes)
Did you #ifdef UNITY_EDITOR a section of your serialized properties in any of your scripts?
The referenced script on this Behaviour (Game Object 'Tail_H_R') is missing!
A scripted object (probably AeroSurface?) has a different serialization layout when loading. (Read 32 bytes but expected 44 bytes)
Did you #ifdef UNITY_EDITOR a section of your serialized properties in any of your scripts?
The referenced script on this Behaviour (Game Object 'Body_1') is missing!
A scripted object (probably AeroSurface?) has a different serialization layout when loading. (Read 32 bytes but expected 44 bytes)
Did you #ifdef UNITY_EDITOR a section of your serialized properties in any of your scripts?
The referenced script on this Behaviour (Game Object 'Body_1') is missing!
A scripted object (probably AeroSurface?) has a different serialization layout when loading. (Read 32 bytes but expected 44 bytes)
Did you #ifdef UNITY_EDITOR a section of your serialized properties in any of your scripts?
The referenced script on this Behaviour (Game Object 'Flap_R') is missing!
A scripted object (probably AeroSurface?) has a different serialization layout when loading. (Read 32 bytes but expected 44 bytes)
Did you #ifdef UNITY_EDITOR a section of your serialized properties in any of your scripts?
The referenced script on this Behaviour (Game Object 'Tail_H_L') is missing!
A scripted object (probably AeroSurface?) has a different serialization layout when loading. (Read 32 bytes but expected 44 bytes)
Did you #ifdef UNITY_EDITOR a section of your serialized properties in any of your scripts?
The referenced script on this Behaviour (Game Object 'Flap_L') is missing!
A scripted object (probably AeroSurface?) has a different serialization layout when loading. (Read 32 bytes but expected 44 bytes)
Did you #ifdef UNITY_EDITOR a section of your serialized properties in any of your scripts?
The referenced script on this Behaviour (Game Object 'Tail_V') is missing!
A scripted object (probably AeroSurface?) has a different serialization layout when loading. (Read 32 bytes but expected 44 bytes)
Did you #ifdef UNITY_EDITOR a section of your serialized properties in any of your scripts?
The referenced script on this Behaviour (Game Object 'Body_2') is missing!
A scripted object (probably AeroSurface?) has a different serialization layout when loading. (Read 32 bytes but expected 44 bytes)
Did you #ifdef UNITY_EDITOR a section of your serialized properties in any of your scripts?
The referenced script on this Behaviour (Game Object 'Body_2') is missing!
A scripted object (probably AeroSurface?) has a different serialization layout when loading. (Read 32 bytes but expected 44 bytes)
Did you #ifdef UNITY_EDITOR a section of your serialized properties in any of your scripts?
The referenced script on this Behaviour (Game Object 'Flap_R') is missing!
A scripted object (probably AeroSurface?) has a different serialization layout when loading. (Read 32 bytes but expected 44 bytes)
Did you #ifdef UNITY_EDITOR a section of your serialized properties in any of your scripts?
The referenced script on this Behaviour (Game Object 'Tail_V') is missing!
A scripted object (probably AeroSurface?) has a different serialization layout when loading. (Read 32 bytes but expected 44 bytes)
Did you #ifdef UNITY_EDITOR a section of your serialized properties in any of your scripts?
The referenced script on this Behaviour (Game Object 'Aileron_L') is missing!
A scripted object (probably AeroSurface?) has a different serialization layout when loading. (Read 32 bytes but expected 44 bytes)
Did you #ifdef UNITY_EDITOR a section of your serialized properties in any of your scripts?
The referenced script on this Behaviour (Game Object 'proppeler') is missing!
A scripted object (probably Rotator?) has a different serialization layout when loading. (Read 32 bytes but expected 36 bytes)
Did you #ifdef UNITY_EDITOR a section of your serialized properties in any of your scripts?
The referenced script on this Behaviour (Game Object 'Aileron_R') is missing!
A scripted object (probably AeroSurface?) has a different serialization layout when loading. (Read 32 bytes but expected 44 bytes)
Did you #ifdef UNITY_EDITOR a section of your serialized properties in any of your scripts?
The referenced script on this Behaviour (Game Object 'Tail_H_L') is missing!
A scripted object (probably AeroSurface?) has a different serialization layout when loading. (Read 32 bytes but expected 44 bytes)
Did you #ifdef UNITY_EDITOR a section of your serialized properties in any of your scripts?
The referenced script on this Behaviour (Game Object 'Flap_L') is missing!
A scripted object (probably AeroSurface?) has a different serialization layout when loading. (Read 32 bytes but expected 44 bytes)
Did you #ifdef UNITY_EDITOR a section of your serialized properties in any of your scripts?
The referenced script on this Behaviour (Game Object 'Aileron_R') is missing!
A scripted object (probably AeroSurface?) has a different serialization layout when loading. (Read 32 bytes but expected 44 bytes)
Did you #ifdef UNITY_EDITOR a section of your serialized properties in any of your scripts?
The referenced script on this Behaviour (Game Object 'proppeler') is missing!
A scripted object (probably Rotator?) has a different serialization layout when loading. (Read 32 bytes but expected 36 bytes)
Did you #ifdef UNITY_EDITOR a section of your serialized properties in any of your scripts?
The referenced script on this Behaviour (Game Object 'Aircraft (9)') is missing!
A scripted object (probably AircraftPhysics?) has a different serialization layout when loading. (Read 32 bytes but expected 300 bytes)
Did you #ifdef UNITY_EDITOR a section of your serialized properties in any of your scripts?
The referenced script on this Behaviour (Game Object 'Aircraft (9)') is missing!
A scripted object (probably AirplaneController?) has a different serialization layout when loading. (Read 32 bytes but expected 80 bytes)
Did you #ifdef UNITY_EDITOR a section of your serialized properties in any of your scripts?
The referenced script on this Behaviour (Game Object 'Flap_R') is missing!
A scripted object (probably AeroSurface?) has a different serialization layout when loading. (Read 32 bytes but expected 44 bytes)
Did you #ifdef UNITY_EDITOR a section of your serialized properties in any of your scripts?
The referenced script on this Behaviour (Game Object 'Tail_H_R') is missing!
A scripted object (probably AeroSurface?) has a different serialization layout when loading. (Read 32 bytes but expected 44 bytes)
Did you #ifdef UNITY_EDITOR a section of your serialized properties in any of your scripts?
ERROR: Shader Legacy Shaders/VertexLit shader is not supported on this GPU (none of subshaders/fallbacks are suitable)
WARNING: Shader Unsupported: 'Standard' - All subshaders removed
WARNING: Shader Did you use #pragma only_renderers and omit this platform?
WARNING: Shader If subshaders removal was intentional, you may have forgotten turning Fallback off?
ERROR: Shader Standard shader is not supported on this GPU (none of subshaders/fallbacks are suitable)
WARNING: Shader Unsupported: 'Standard' - All subshaders removed
WARNING: Shader Did you use #pragma only_renderers and omit this platform?
WARNING: Shader If subshaders removal was intentional, you may have forgotten turning Fallback off?
WARNING: Shader Unsupported: 'Legacy Shaders/Diffuse' - All subshaders removed
WARNING: Shader Did you use #pragma only_renderers and omit this platform?
WARNING: Shader If subshaders removal was intentional, you may have forgotten turning Fallback off?
ERROR: Shader Legacy Shaders/Diffuse shader is not supported on this GPU (none of subshaders/fallbacks are suitable)
WARNING: Shader Unsupported: 'Legacy Shaders/Diffuse' - All subshaders removed
WARNING: Shader Did you use #pragma only_renderers and omit this platform?
WARNING: Shader If subshaders removal was intentional, you may have forgotten turning Fallback off?
WARNING: Shader Unsupported: 'Hidden/TerrainEngine/Splatmap/Diffuse-Base' - All subshaders removed
WARNING: Shader Did you use #pragma only_renderers and omit this platform?
WARNING: Shader If subshaders removal was intentional, you may have forgotten turning Fallback off?
ERROR: Shader Hidden/TerrainEngine/Splatmap/Diffuse-Base shader is not supported on this GPU (none of subshaders/fallbacks are suitable)
WARNING: Shader Unsupported: 'Hidden/TerrainEngine/Splatmap/Diffuse-Base' - All subshaders removed
WARNING: Shader Did you use #pragma only_renderers and omit this platform?
WARNING: Shader If subshaders removal was intentional, you may have forgotten turning Fallback off?
WARNING: Shader Unsupported: 'Hidden/TerrainEngine/Details/Vertexlit' - All subshaders removed
WARNING: Shader Did you use #pragma only_renderers and omit this platform?
WARNING: Shader If subshaders removal was intentional, you may have forgotten turning Fallback off?
ERROR: Shader Hidden/TerrainEngine/Details/Vertexlit shader is not supported on this GPU (none of subshaders/fallbacks are suitable)
WARNING: Shader Unsupported: 'Hidden/TerrainEngine/Details/Vertexlit' - All subshaders removed
WARNING: Shader Did you use #pragma only_renderers and omit this platform?
WARNING: Shader If subshaders removal was intentional, you may have forgotten turning Fallback off?
WARNING: Shader Unsupported: 'Nature/Terrain/Diffuse' - All subshaders removed
WARNING: Shader Did you use #pragma only_renderers and omit this platform?
WARNING: Shader If subshaders removal was intentional, you may have forgotten turning Fallback off?
ERROR: Shader Nature/Terrain/Diffuse shader is not supported on this GPU (none of subshaders/fallbacks are suitable)
WARNING: Shader Unsupported: 'Nature/Terrain/Diffuse' - All subshaders removed
WARNING: Shader Did you use #pragma only_renderers and omit this platform?
WARNING: Shader If subshaders removal was intentional, you may have forgotten turning Fallback off?
ERROR: Shader Hidden/Nature/Tree Creator Leaves Optimized shader is not supported on this GPU (none of subshaders/fallbacks are suitable)
ERROR: Shader GUI/Text Shader shader is not supported on this GPU (none of subshaders/fallbacks are suitable)
ERROR: Shader Hidden/Nature/Tree Creator Bark Optimized shader is not supported on this GPU (none of subshaders/fallbacks are suitable)
ERROR: Shader Skybox/6 Sided shader is not supported on this GPU (none of subshaders/fallbacks are suitable)
WARNING: Shader Unsupported: 'Standard (Specular setup)' - All subshaders removed
WARNING: Shader Did you use #pragma only_renderers and omit this platform?
WARNING: Shader If subshaders removal was intentional, you may have forgotten turning Fallback off?
ERROR: Shader Standard (Specular setup) shader is not supported on this GPU (none of subshaders/fallbacks are suitable)
WARNING: Shader Unsupported: 'Standard (Specular setup)' - All subshaders removed
WARNING: Shader Did you use #pragma only_renderers and omit this platform?
WARNING: Shader If subshaders removal was intentional, you may have forgotten turning Fallback off?
WARNING: Shader Unsupported: 'Hidden/TerrainEngine/Splatmap/Standard-AddPass' - All subshaders removed
WARNING: Shader Did you use #pragma only_renderers and omit this platform?
WARNING: Shader If subshaders removal was intentional, you may have forgotten turning Fallback off?
ERROR: Shader Hidden/TerrainEngine/Splatmap/Standard-AddPass shader is not supported on this GPU (none of subshaders/fallbacks are suitable)
WARNING: Shader Unsupported: 'Hidden/TerrainEngine/Splatmap/Standard-AddPass' - All subshaders removed
WARNING: Shader Did you use #pragma only_renderers and omit this platform?
WARNING: Shader If subshaders removal was intentional, you may have forgotten turning Fallback off?
WARNING: Shader Unsupported: 'Hidden/TerrainEngine/Splatmap/Standard-Base' - All subshaders removed
WARNING: Shader Did you use #pragma only_renderers and omit this platform?
WARNING: Shader If subshaders removal was intentional, you may have forgotten turning Fallback off?
ERROR: Shader Hidden/TerrainEngine/Splatmap/Standard-Base shader is not supported on this GPU (none of subshaders/fallbacks are suitable)
WARNING: Shader Unsupported: 'Hidden/TerrainEngine/Splatmap/Standard-Base' - All subshaders removed
WARNING: Shader Did you use #pragma only_renderers and omit this platform?
WARNING: Shader If subshaders removal was intentional, you may have forgotten turning Fallback off?
WARNING: Shader Unsupported: 'Nature/Terrain/Standard' - All subshaders removed
WARNING: Shader Did you use #pragma only_renderers and omit this platform?
WARNING: Shader If subshaders removal was intentional, you may have forgotten turning Fallback off?
ERROR: Shader Nature/Terrain/Standard shader is not supported on this GPU (none of subshaders/fallbacks are suitable)
WARNING: Shader Unsupported: 'Nature/Terrain/Standard' - All subshaders removed
WARNING: Shader Did you use #pragma only_renderers and omit this platform?
WARNING: Shader If subshaders removal was intentional, you may have forgotten turning Fallback off?
ERROR: Shader TextMeshPro/Mobile/Distance Field shader is not supported on this GPU (none of subshaders/fallbacks are suitable)
The tree Tree9_2 must use the Nature/Soft Occlusion shader. Otherwise billboarding/lighting will not work correctly.
The tree Tree9_4 must use the Nature/Soft Occlusion shader. Otherwise billboarding/lighting will not work correctly.
The tree Tree9_5 must use the Nature/Soft Occlusion shader. Otherwise billboarding/lighting will not work correctly.
The tree Tree9_2 must use the Nature/Soft Occlusion shader. Otherwise billboarding/lighting will not work correctly.
The tree Tree9_4 must use the Nature/Soft Occlusion shader. Otherwise billboarding/lighting will not work correctly.
The tree Tree9_5 must use the Nature/Soft Occlusion shader. Otherwise billboarding/lighting will not work correctly.
The tree Tree9_2 must use the Nature/Soft Occlusion shader. Otherwise billboarding/lighting will not work correctly.
The tree Tree9_4 must use the Nature/Soft Occlusion shader. Otherwise billboarding/lighting will not work correctly.
The tree Tree9_5 must use the Nature/Soft Occlusion shader. Otherwise billboarding/lighting will not work correctly.
The tree Tree9_5 must use the Nature/Soft Occlusion shader. Otherwise billboarding/lighting will not work correctly.
The tree Tree9_4 must use the Nature/Soft Occlusion shader. Otherwise billboarding/lighting will not work correctly.
The tree Tree9_2 must use the Nature/Soft Occlusion shader. Otherwise billboarding/lighting will not work correctly.
The tree Tree9_2 must use the Nature/Soft Occlusion shader. Otherwise billboarding/lighting will not work correctly.
The tree Tree9_4 must use the Nature/Soft Occlusion shader. Otherwise billboarding/lighting will not work correctly.
The tree Tree9_5 must use the Nature/Soft Occlusion shader. Otherwise billboarding/lighting will not work correctly.
The tree Tree9_2 must use the Nature/Soft Occlusion shader. Otherwise billboarding/lighting will not work correctly.
The tree Tree9_4 must use the Nature/Soft Occlusion shader. Otherwise billboarding/lighting will not work correctly.
The tree Tree9_5 must use the Nature/Soft Occlusion shader. Otherwise billboarding/lighting will not work correctly.
The tree Tree9_2 must use the Nature/Soft Occlusion shader. Otherwise billboarding/lighting will not work correctly.
The tree Tree9_4 must use the Nature/Soft Occlusion shader. Otherwise billboarding/lighting will not work correctly.
The tree Tree9_5 must use the Nature/Soft Occlusion shader. Otherwise billboarding/lighting will not work correctly.
The tree Tree9_2 must use the Nature/Soft Occlusion shader. Otherwise billboarding/lighting will not work correctly.
The tree Tree9_4 must use the Nature/Soft Occlusion shader. Otherwise billboarding/lighting will not work correctly.
The tree Tree9_5 must use the Nature/Soft Occlusion shader. Otherwise billboarding/lighting will not work correctly.
The tree Tree9_2 must use the Nature/Soft Occlusion shader. Otherwise billboarding/lighting will not work correctly.
The tree Tree9_4 must use the Nature/Soft Occlusion shader. Otherwise billboarding/lighting will not work correctly.
The tree Tree9_5 must use the Nature/Soft Occlusion shader. Otherwise billboarding/lighting will not work correctly.
The tree Tree9_4 must use the Nature/Soft Occlusion shader. Otherwise billboarding/lighting will not work correctly.
The tree Tree9_2 must use the Nature/Soft Occlusion shader. Otherwise billboarding/lighting will not work correctly.
The tree Tree9_2 must use the Nature/Soft Occlusion shader. Otherwise billboarding/lighting will not work correctly.
The tree Tree9_3 must use the Nature/Soft Occlusion shader. Otherwise billboarding/lighting will not work correctly.
The tree Tree9_4 must use the Nature/Soft Occlusion shader. Otherwise billboarding/lighting will not work correctly.
The tree Tree9_5 must use the Nature/Soft Occlusion shader. Otherwise billboarding/lighting will not work correctly.
The tree Tree9_4 must use the Nature/Soft Occlusion shader. Otherwise billboarding/lighting will not work correctly.
The tree Tree9_5 must use the Nature/Soft Occlusion shader. Otherwise billboarding/lighting will not work correctly.
The tree Tree9_2 must use the Nature/Soft Occlusion shader. Otherwise billboarding/lighting will not work correctly.
The tree Tree9_4 must use the Nature/Soft Occlusion shader. Otherwise billboarding/lighting will not work correctly.
The tree Tree9_5 must use the Nature/Soft Occlusion shader. Otherwise billboarding/lighting will not work correctly.
The tree Tree9_5 must use the Nature/Soft Occlusion shader. Otherwise billboarding/lighting will not work correctly.
The tree Tree9_4 must use the Nature/Soft Occlusion shader. Otherwise billboarding/lighting will not work correctly.
The tree Tree9_2 must use the Nature/Soft Occlusion shader. Otherwise billboarding/lighting will not work correctly.
The tree Tree9_2 must use the Nature/Soft Occlusion shader. Otherwise billboarding/lighting will not work correctly.
The tree Tree9_5 must use the Nature/Soft Occlusion shader. Otherwise billboarding/lighting will not work correctly.
The tree Tree9_4 must use the Nature/Soft Occlusion shader. Otherwise billboarding/lighting will not work correctly.
The tree Tree9_2 must use the Nature/Soft Occlusion shader. Otherwise billboarding/lighting will not work correctly.
The tree Tree9_4 must use the Nature/Soft Occlusion shader. Otherwise billboarding/lighting will not work correctly.
The tree Tree9_2 must use the Nature/Soft Occlusion shader. Otherwise billboarding/lighting will not work correctly.
The tree Tree9_4 must use the Nature/Soft Occlusion shader. Otherwise billboarding/lighting will not work correctly.
The tree Tree9_5 must use the Nature/Soft Occlusion shader. Otherwise billboarding/lighting will not work correctly.
The tree Tree9_2 must use the Nature/Soft Occlusion shader. Otherwise billboarding/lighting will not work correctly.
The tree Tree9_4 must use the Nature/Soft Occlusion shader. Otherwise billboarding/lighting will not work correctly.
The tree Tree9_5 must use the Nature/Soft Occlusion shader. Otherwise billboarding/lighting will not work correctly.
The tree Tree9_2 must use the Nature/Soft Occlusion shader. Otherwise billboarding/lighting will not work correctly.
The tree Tree9_4 must use the Nature/Soft Occlusion shader. Otherwise billboarding/lighting will not work correctly.
The tree Tree9_5 must use the Nature/Soft Occlusion shader. Otherwise billboarding/lighting will not work correctly.
The tree Tree9_2 must use the Nature/Soft Occlusion shader. Otherwise billboarding/lighting will not work correctly.
The tree Tree9_4 must use the Nature/Soft Occlusion shader. Otherwise billboarding/lighting will not work correctly.
The tree Tree9_5 must use the Nature/Soft Occlusion shader. Otherwise billboarding/lighting will not work correctly.
The tree Tree9_5 must use the Nature/Soft Occlusion shader. Otherwise billboarding/lighting will not work correctly.
The tree Tree9_2 must use the Nature/Soft Occlusion shader. Otherwise billboarding/lighting will not work correctly.
The tree Tree9_4 must use the Nature/Soft Occlusion shader. Otherwise billboarding/lighting will not work correctly.
The tree Tree9_5 must use the Nature/Soft Occlusion shader. Otherwise billboarding/lighting will not work correctly.
The tree Tree9_2 must use the Nature/Soft Occlusion shader. Otherwise billboarding/lighting will not work correctly.
The tree Tree9_4 must use the Nature/Soft Occlusion shader. Otherwise billboarding/lighting will not work correctly.
The tree Tree9_5 must use the Nature/Soft Occlusion shader. Otherwise billboarding/lighting will not work correctly.
The tree Tree9_2 must use the Nature/Soft Occlusion shader. Otherwise billboarding/lighting will not work correctly.
The tree Tree9_4 must use the Nature/Soft Occlusion shader. Otherwise billboarding/lighting will not work correctly.
The tree Tree9_5 must use the Nature/Soft Occlusion shader. Otherwise billboarding/lighting will not work correctly.
The tree Tree9_2 must use the Nature/Soft Occlusion shader. Otherwise billboarding/lighting will not work correctly.
The tree Tree9_4 must use the Nature/Soft Occlusion shader. Otherwise billboarding/lighting will not work correctly.
The tree Tree9_2 must use the Nature/Soft Occlusion shader. Otherwise billboarding/lighting will not work correctly.
The tree Tree9_4 must use the Nature/Soft Occlusion shader. Otherwise billboarding/lighting will not work correctly.
The tree Tree9_5 must use the Nature/Soft Occlusion shader. Otherwise billboarding/lighting will not work correctly.
The tree Tree9_5 must use the Nature/Soft Occlusion shader. Otherwise billboarding/lighting will not work correctly.
The tree Tree9_4 must use the Nature/Soft Occlusion shader. Otherwise billboarding/lighting will not work correctly.
The tree Tree9_2 must use the Nature/Soft Occlusion shader. Otherwise billboarding/lighting will not work correctly.
The tree Tree9_2 must use the Nature/Soft Occlusion shader. Otherwise billboarding/lighting will not work correctly.
The tree Tree9_4 must use the Nature/Soft Occlusion shader. Otherwise billboarding/lighting will not work correctly.
The tree Tree9_5 must use the Nature/Soft Occlusion shader. Otherwise billboarding/lighting will not work correctly.
The tree Tree9_2 must use the Nature/Soft Occlusion shader. Otherwise billboarding/lighting will not work correctly.
The tree Tree9_4 must use the Nature/Soft Occlusion shader. Otherwise billboarding/lighting will not work correctly.
The tree Tree9_5 must use the Nature/Soft Occlusion shader. Otherwise billboarding/lighting will not work correctly.
The tree Tree9_4 must use the Nature/Soft Occlusion shader. Otherwise billboarding/lighting will not work correctly.
The tree Tree9_5 must use the Nature/Soft Occlusion shader. Otherwise billboarding/lighting will not work correctly.
The tree Tree9_2 must use the Nature/Soft Occlusion shader. Otherwise billboarding/lighting will not work correctly.
The tree Tree9_4 must use the Nature/Soft Occlusion shader. Otherwise billboarding/lighting will not work correctly.
The tree Tree9_5 must use the Nature/Soft Occlusion shader. Otherwise billboarding/lighting will not work correctly.
The tree Tree9_2 must use the Nature/Soft Occlusion shader. Otherwise billboarding/lighting will not work correctly.
The tree Tree9_5 must use the Nature/Soft Occlusion shader. Otherwise billboarding/lighting will not work correctly.
The tree Tree9_2 must use the Nature/Soft Occlusion shader. Otherwise billboarding/lighting will not work correctly.
The tree Tree9_4 must use the Nature/Soft Occlusion shader. Otherwise billboarding/lighting will not work correctly.
The tree Tree9_5 must use the Nature/Soft Occlusion shader. Otherwise billboarding/lighting will not work correctly.
The tree Tree9_2 must use the Nature/Soft Occlusion shader. Otherwise billboarding/lighting will not work correctly.
The tree Tree9_4 must use the Nature/Soft Occlusion shader. Otherwise billboarding/lighting will not work correctly.
The tree Tree9_5 must use the Nature/Soft Occlusion shader. Otherwise billboarding/lighting will not work correctly.
The tree Tree9_2 must use the Nature/Soft Occlusion shader. Otherwise billboarding/lighting will not work correctly.
The tree Tree9_4 must use the Nature/Soft Occlusion shader. Otherwise billboarding/lighting will not work correctly.
The tree Tree9_5 must use the Nature/Soft Occlusion shader. Otherwise billboarding/lighting will not work correctly.
The tree Tree9_2 must use the Nature/Soft Occlusion shader. Otherwise billboarding/lighting will not work correctly.
The tree Tree9_4 must use the Nature/Soft Occlusion shader. Otherwise billboarding/lighting will not work correctly.
The tree Tree9_5 must use the Nature/Soft Occlusion shader. Otherwise billboarding/lighting will not work correctly.
UnloadTime: 0.554400 ms
